[    4655ms] [INFO] %cDownload the React DevTools for a better development experience: https://react.dev/link/react-devtools font-weight:bold @ http://localhost:3000/_next/static/chunks/node_modules_next_dist_f3530cac._.js:2297
[    4668ms] [LOG] [HMR] connected @ http://localhost:3000/_next/static/chunks/node_modules_next_dist_f3530cac._.js:2297
[    5056ms] [LOG] %c[Vercel Web Analytics]%c Debug mode is enabled by default in development. No requests will be sent to the server. color: rgb(120, 120, 120) color: inherit @ http://localhost:3000/_next/static/chunks/node_modules_next_dist_f3530cac._.js:2297
[    5057ms] [LOG] %c[Vercel Web Analytics]%c Running queued event color: rgb(120, 120, 120) color: inherit pageview {route: /auth/register, path: /auth/register} @ http://localhost:3000/_next/static/chunks/node_modules_next_dist_f3530cac._.js:2297
[    5057ms] [LOG] %c[Vercel Web Analytics]%c Running queued event color: rgb(120, 120, 120) color: inherit pageview {route: /auth/register, path: /auth/register} @ http://localhost:3000/_next/static/chunks/node_modules_next_dist_f3530cac._.js:2297
[    5057ms] [LOG] %c[Vercel Web Analytics]%c [view] http://localhost:3000/auth/register color: rgb(120, 120, 120) color: inherit {o: http://localhost:3000/auth/register, sv: 0.1.3, sdkn: @vercel/analytics/next, sdkv: 1.3.1, ts: 1777071518912} /_vercel/insights/view @ http://localhost:3000/_next/static/chunks/node_modules_next_dist_f3530cac._.js:2297
[    5057ms] [LOG] %c[Vercel Web Analytics]%c [view] http://localhost:3000/auth/register color: rgb(120, 120, 120) color: inherit {o: http://localhost:3000/auth/register, sv: 0.1.3, sdkn: @vercel/analytics/next, sdkv: 1.3.1, ts: 1777071518912} /_vercel/insights/view @ http://localhost:3000/_next/static/chunks/node_modules_next_dist_f3530cac._.js:2297
[    5136ms] [WARNING] Clerk: Clerk has been loaded with development keys. Development instances have strict usage limits and should not be used when deploying your application to production. Learn more: https://clerk.com/docs/deployments/overview @ http://localhost:3000/_next/static/chunks/node_modules_next_dist_f3530cac._.js:2297
[    6508ms] [ERROR] Failed to load resource: the server responded with a status of 500 (Internal Server Error) @ http://localhost:3000/logo.png:0
[    6815ms] [LOG] [Fast Refresh] rebuilding @ http://localhost:3000/_next/static/chunks/node_modules_next_dist_f3530cac._.js:2297
[    6928ms] [LOG] [Fast Refresh] done in 215ms @ http://localhost:3000/_next/static/chunks/node_modules_next_dist_f3530cac._.js:2297
[    7030ms] [LOG] [Fast Refresh] rebuilding @ http://localhost:3000/_next/static/chunks/node_modules_next_dist_f3530cac._.js:2297
[    7126ms] [LOG] [Fast Refresh] done in 197ms @ http://localhost:3000/_next/static/chunks/node_modules_next_dist_f3530cac._.js:2297
[    7158ms] [ERROR] Failed to load resource: the server responded with a status of 500 (Internal Server Error) @ http://localhost:3000/icons/icon-192.png:0
[    7158ms] [WARNING] Error while trying to use the following icon from the Manifest: http://localhost:3000/icons/icon-192.png (Download error or resource isn't a valid image) @ http://localhost:3000/auth/register:0
[    7196ms] [ERROR] Failed to load resource: the server responded with a status of 500 (Internal Server Error) @ http://localhost:3000/logo.png:0
[    7344ms] [LOG] [Fast Refresh] rebuilding @ http://localhost:3000/_next/static/chunks/node_modules_next_dist_f3530cac._.js:2297
[    7403ms] [LOG] [Fast Refresh] done in 161ms @ http://localhost:3000/_next/static/chunks/node_modules_next_dist_f3530cac._.js:2297
[   15637ms] [LOG] [Fast Refresh] rebuilding @ http://localhost:3000/_next/static/chunks/node_modules_next_dist_f3530cac._.js:2297
[   15686ms] [LOG] [Fast Refresh] done in 151ms @ http://localhost:3000/_next/static/chunks/node_modules_next_dist_f3530cac._.js:2297
[   16243ms] [ERROR] Loading the script 'https://challenges.cloudflare.com/turnstile/v0/api.js?render=explicit' violates the following Content Security Policy directive: "script-src 'self' 'unsafe-inline' 'unsafe-eval' https://va.vercel-scripts.com https://maps.googleapis.com https://*.clerk.accounts.dev blob:". Note that 'script-src-elem' was not explicitly set, so 'script-src' is used as a fallback. The action has been blocked. @ https://assuring-bedbug-45.clerk.accounts.dev/npm/@clerk/clerk-js@6/dist/clerk.browser.js:16
[   16430ms] [ERROR] Loading the script 'https://challenges.cloudflare.com/turnstile/v0/api.js?render=explicit' violates the following Content Security Policy directive: "script-src 'self' 'unsafe-inline' 'unsafe-eval' https://va.vercel-scripts.com https://maps.googleapis.com https://*.clerk.accounts.dev blob:". Note that 'script-src-elem' was not explicitly set, so 'script-src' is used as a fallback. The action has been blocked. @ https://assuring-bedbug-45.clerk.accounts.dev/npm/@clerk/clerk-js@6/dist/clerk.browser.js:16
[   16821ms] [ERROR] Loading the script 'https://challenges.cloudflare.com/turnstile/v0/api.js?render=explicit' violates the following Content Security Policy directive: "script-src 'self' 'unsafe-inline' 'unsafe-eval' https://va.vercel-scripts.com https://maps.googleapis.com https://*.clerk.accounts.dev blob:". Note that 'script-src-elem' was not explicitly set, so 'script-src' is used as a fallback. The action has been blocked. @ https://assuring-bedbug-45.clerk.accounts.dev/npm/@clerk/clerk-js@6/dist/clerk.browser.js:16
[   17562ms] [ERROR] Loading the script 'https://challenges.cloudflare.com/turnstile/v0/api.js?render=explicit' violates the following Content Security Policy directive: "script-src 'self' 'unsafe-inline' 'unsafe-eval' https://va.vercel-scripts.com https://maps.googleapis.com https://*.clerk.accounts.dev blob:". Note that 'script-src-elem' was not explicitly set, so 'script-src' is used as a fallback. The action has been blocked. @ https://assuring-bedbug-45.clerk.accounts.dev/npm/@clerk/clerk-js@6/dist/clerk.browser.js:16
[   18392ms] [LOG] [Fast Refresh] rebuilding @ http://localhost:3000/_next/static/chunks/node_modules_next_dist_f3530cac._.js:2297
[   18432ms] [LOG] [Fast Refresh] done in 142ms @ http://localhost:3000/_next/static/chunks/node_modules_next_dist_f3530cac._.js:2297
[   19096ms] [ERROR] Loading the script 'https://challenges.cloudflare.com/turnstile/v0/api.js?render=explicit' violates the following Content Security Policy directive: "script-src 'self' 'unsafe-inline' 'unsafe-eval' https://va.vercel-scripts.com https://maps.googleapis.com https://*.clerk.accounts.dev blob:". Note that 'script-src-elem' was not explicitly set, so 'script-src' is used as a fallback. The action has been blocked. @ https://assuring-bedbug-45.clerk.accounts.dev/npm/@clerk/clerk-js@6/dist/clerk.browser.js:16
[   20634ms] [LOG] [Fast Refresh] rebuilding @ http://localhost:3000/_next/static/chunks/node_modules_next_dist_f3530cac._.js:2297
[   20764ms] [LOG] [Fast Refresh] done in 232ms @ http://localhost:3000/_next/static/chunks/node_modules_next_dist_f3530cac._.js:2297
[   21687ms] [ERROR] Loading the script 'https://challenges.cloudflare.com/turnstile/v0/api.js?render=explicit' violates the following Content Security Policy directive: "script-src 'self' 'unsafe-inline' 'unsafe-eval' https://va.vercel-scripts.com https://maps.googleapis.com https://*.clerk.accounts.dev blob:". Note that 'script-src-elem' was not explicitly set, so 'script-src' is used as a fallback. The action has been blocked. @ https://assuring-bedbug-45.clerk.accounts.dev/npm/@clerk/clerk-js@6/dist/clerk.browser.js:16
[   21688ms] [WARNING] Clerk: Failed to load the CAPTCHA script from Cloudflare. If you see a CSP error in your browser, please add the necessary CSP rules to your app. Visit https://clerk.com/docs/security/clerk-csp for more information. @ http://localhost:3000/_next/static/chunks/node_modules_next_dist_f3530cac._.js:2297
[   22022ms] [ERROR] Failed to load resource: the server responded with a status of 400 () @ https://assuring-bedbug-45.clerk.accounts.dev/v1/client/sign_ups?__clerk_api_version=2025-11-10&_clerk_js_version=6.7.5&__clerk_db_jwt=dvb_3Cp8DIW3qTdfi0tGLMQxjEE2obf:0
[   24180ms] [LOG] [Fast Refresh] rebuilding @ http://localhost:3000/_next/static/chunks/node_modules_next_dist_f3530cac._.js:2297
[   24240ms] [LOG] [Fast Refresh] done in 162ms @ http://localhost:3000/_next/static/chunks/node_modules_next_dist_f3530cac._.js:2297
[   24342ms] [LOG] [Fast Refresh] rebuilding @ http://localhost:3000/_next/static/chunks/node_modules_next_dist_f3530cac._.js:2297
[   24392ms] [LOG] [Fast Refresh] done in 151ms @ http://localhost:3000/_next/static/chunks/node_modules_next_dist_f3530cac._.js:2297
[   24493ms] [LOG] [Fast Refresh] rebuilding @ http://localhost:3000/_next/static/chunks/node_modules_next_dist_f3530cac._.js:2297
[   24527ms] [LOG] [Fast Refresh] done in 134ms @ http://localhost:3000/_next/static/chunks/node_modules_next_dist_f3530cac._.js:2297
[   24570ms] [ERROR] Failed to load resource: the server responded with a status of 500 (Internal Server Error) @ http://localhost:3000/onboarding?_rsc=9i74r:0
[   24628ms] [LOG] [Fast Refresh] rebuilding @ http://localhost:3000/_next/static/chunks/node_modules_next_dist_f3530cac._.js:2297
[   24656ms] [LOG] [Fast Refresh] done in 129ms @ http://localhost:3000/_next/static/chunks/node_modules_next_dist_f3530cac._.js:2297
[   24758ms] [LOG] [Fast Refresh] rebuilding @ http://localhost:3000/_next/static/chunks/node_modules_next_dist_f3530cac._.js:2297
[   24785ms] [LOG] [Fast Refresh] done in 128ms @ http://localhost:3000/_next/static/chunks/node_modules_next_dist_f3530cac._.js:2297
[   24927ms] [ERROR] Failed to load resource: the server responded with a status of 500 (Internal Server Error) @ http://localhost:3000/onboarding:0
