[     326ms] [INFO] %cDownload the React DevTools for a better development experience: https://react.dev/link/react-devtools font-weight:bold @ http://localhost:3000/_next/static/chunks/node_modules_next_dist_f3530cac._.js:2297
[     340ms] [LOG] [HMR] connected @ http://localhost:3000/_next/static/chunks/node_modules_next_dist_f3530cac._.js:2297
[     470ms] [LOG] %c[Vercel Web Analytics]%c Debug mode is enabled by default in development. No requests will be sent to the server. color: rgb(120, 120, 120) color: inherit @ http://localhost:3000/_next/static/chunks/node_modules_next_dist_f3530cac._.js:2297
[     470ms] [LOG] %c[Vercel Web Analytics]%c Running queued event color: rgb(120, 120, 120) color: inherit pageview {route: /auth/register, path: /auth/register} @ http://localhost:3000/_next/static/chunks/node_modules_next_dist_f3530cac._.js:2297
[     470ms] [LOG] %c[Vercel Web Analytics]%c Running queued event color: rgb(120, 120, 120) color: inherit pageview {route: /auth/register, path: /auth/register} @ http://localhost:3000/_next/static/chunks/node_modules_next_dist_f3530cac._.js:2297
[     470ms] [LOG] %c[Vercel Web Analytics]%c [view] http://localhost:3000/auth/register color: rgb(120, 120, 120) color: inherit {o: http://localhost:3000/auth/register, sv: 0.1.3, sdkn: @vercel/analytics/next, sdkv: 1.3.1, ts: 1777072112123} /_vercel/insights/view @ http://localhost:3000/_next/static/chunks/node_modules_next_dist_f3530cac._.js:2297
[     470ms] [LOG] %c[Vercel Web Analytics]%c [view] http://localhost:3000/auth/register color: rgb(120, 120, 120) color: inherit {o: http://localhost:3000/auth/register, sv: 0.1.3, sdkn: @vercel/analytics/next, sdkv: 1.3.1, ts: 1777072112123} /_vercel/insights/view @ http://localhost:3000/_next/static/chunks/node_modules_next_dist_f3530cac._.js:2297
[     489ms] [WARNING] Clerk: Clerk has been loaded with development keys. Development instances have strict usage limits and should not be used when deploying your application to production. Learn more: https://clerk.com/docs/deployments/overview @ http://localhost:3000/_next/static/chunks/node_modules_next_dist_f3530cac._.js:2297
[    1385ms] [WARNING] Error while trying to use the following icon from the Manifest: http://localhost:3000/icons/icon-192.png (Download error or resource isn't a valid image) @ http://localhost:3000/auth/register:0
[    4427ms] [WARNING] The resource http://localhost:3000/logo.png was preloaded using link preload but not used within a few seconds from the window's load event. Please make sure it has an appropriate `as` value and it is preloaded intentionally. @ http://localhost:3000/auth/register:0
[    9104ms] [ERROR] Cannot initialize Smart CAPTCHA widget because the `clerk-captcha` DOM element was not found; falling back to Invisible CAPTCHA widget. If you are using a custom flow, visit https://clerk.com/docs/guides/development/custom-flows/authentication/bot-sign-up-protection for instructions @ http://localhost:3000/_next/static/chunks/node_modules_next_dist_f3530cac._.js:3127
[    9620ms] [WARNING] Form submission canceled because the form is not connected @ https://challenges.cloudflare.com/cdn-cgi/challenge-platform/h/g/turnstile/f/ov2/av0/rch/b0u2g/0x4AAAAAAAFV93qQdS0ycilX/auto/fbE/new/normal?lang=auto:0
[    9934ms] [LOG] The next request for the Private Access Token challenge may return a 401 and show a warning in console. @ https://challenges.cloudflare.com/cdn-cgi/challenge-platform/h/g/turnstile/f/ov2/av0/rch/b0u2g/0x4AAAAAAAFV93qQdS0ycilX/auto/fbE/new/normal?lang=auto:0
[    9967ms] [ERROR] Failed to load resource: the server responded with a status of 401 () @ https://challenges.cloudflare.com/cdn-cgi/challenge-platform/h/g/pat/9f18c5734df8b678/1777072121098/cbacb31a0662210ad0d1a23f0c6c15a303559c653f746c9d73f6dd8c64854231/i7mv1t3NwN2Xgs1:0
[   10043ms] [ERROR] Permissions policy violation: xr-spatial-tracking is not allowed in this document. @ https://challenges.cloudflare.com/cdn-cgi/challenge-platform/h/g/turnstile/f/ov2/av0/rch/b0u2g/0x4AAAAAAAFV93qQdS0ycilX/auto/fbE/new/normal?lang=auto:0
[   10043ms] [ERROR] Permissions policy violation: xr-spatial-tracking is not allowed in this document. @ https://challenges.cloudflare.com/cdn-cgi/challenge-platform/h/g/turnstile/f/ov2/av0/rch/b0u2g/0x4AAAAAAAFV93qQdS0ycilX/auto/fbE/new/normal?lang=auto:0
[   10227ms] [LOG] [Fast Refresh] rebuilding @ http://localhost:3000/_next/static/chunks/node_modules_next_dist_f3530cac._.js:2297
[   10234ms] [ERROR] This document requires 'TrustedHTML' assignment. The action has been blocked. @ https://challenges.cloudflare.com/cdn-cgi/challenge-platform/h/g/turnstile/f/ov2/av0/rch/b0u2g/0x4AAAAAAAFV93qQdS0ycilX/auto/fbE/new/normal?lang=auto:0
[   10234ms] [ERROR] This document requires 'TrustedHTML' assignment. The action has been blocked. @ https://challenges.cloudflare.com/cdn-cgi/challenge-platform/h/g/turnstile/f/ov2/av0/rch/b0u2g/0x4AAAAAAAFV93qQdS0ycilX/auto/fbE/new/normal?lang=auto:0
[   10235ms] [ERROR] This document requires 'TrustedScript' assignment. The action has been blocked. @ https://challenges.cloudflare.com/cdn-cgi/challenge-platform/h/g/turnstile/f/ov2/av0/rch/b0u2g/0x4AAAAAAAFV93qQdS0ycilX/auto/fbE/new/normal?lang=auto:0
[   10235ms] [ERROR] This document requires 'TrustedScript' assignment. The action has been blocked. @ https://challenges.cloudflare.com/cdn-cgi/challenge-platform/h/g/turnstile/f/ov2/av0/rch/b0u2g/0x4AAAAAAAFV93qQdS0ycilX/auto/fbE/new/normal?lang=auto:0
[   10235ms] [ERROR] This document requires 'TrustedScriptURL' assignment. The action has been blocked. @ https://challenges.cloudflare.com/cdn-cgi/challenge-platform/h/g/turnstile/f/ov2/av0/rch/b0u2g/0x4AAAAAAAFV93qQdS0ycilX/auto/fbE/new/normal?lang=auto:0
[   10235ms] [ERROR] This document requires 'TrustedScriptURL' assignment. The action has been blocked. @ https://challenges.cloudflare.com/cdn-cgi/challenge-platform/h/g/turnstile/f/ov2/av0/rch/b0u2g/0x4AAAAAAAFV93qQdS0ycilX/auto/fbE/new/normal?lang=auto:0
[   10242ms] [ERROR] Executing inline script violates the following Content Security Policy directive 'script-src 'nonce-XdW3xleJrDQ1rS6x8FrWfa' 'unsafe-eval''. Either the 'unsafe-inline' keyword, a hash ('sha256-eJGI0Ik4oYe/PKLDOt4wcN76wYs8h+Ew05pMzdY6xG8='), or a nonce ('nonce-...') is required to enable inline execution. The action has been blocked. @ about:srcdoc:0
[   10242ms] [ERROR] Executing inline script violates the following Content Security Policy directive 'script-src 'nonce-XdW3xleJrDQ1rS6x8FrWfa' 'unsafe-eval''. Either the 'unsafe-inline' keyword, a hash ('sha256-eJGI0Ik4oYe/PKLDOt4wcN76wYs8h+Ew05pMzdY6xG8='), or a nonce ('nonce-...') is required to enable inline execution. The action has been blocked. @ about:srcdoc:0
[   10242ms] [ERROR] This document requires 'TrustedScript' assignment. The action has been blocked. @ https://challenges.cloudflare.com/cdn-cgi/challenge-platform/h/g/turnstile/f/ov2/av0/rch/b0u2g/0x4AAAAAAAFV93qQdS0ycilX/auto/fbE/new/normal?lang=auto:0
[   10242ms] [ERROR] This document requires 'TrustedScript' assignment. The action has been blocked. @ https://challenges.cloudflare.com/cdn-cgi/challenge-platform/h/g/turnstile/f/ov2/av0/rch/b0u2g/0x4AAAAAAAFV93qQdS0ycilX/auto/fbE/new/normal?lang=auto:0
[   10381ms] [LOG] [Fast Refresh] done in 256ms @ http://localhost:3000/_next/static/chunks/node_modules_next_dist_f3530cac._.js:2297
[   10418ms] [LOG] /.*.*=.*/ @ https://challenges.cloudflare.com/cdn-cgi/challenge-platform/h/g/turnstile/f/ov2/av0/rch/b0u2g/0x4AAAAAAAFV93qQdS0ycilX/auto/fbE/new/normal?lang=auto:0
[   10418ms] [LOG] /.*.*=.*/ @ https://challenges.cloudflare.com/cdn-cgi/challenge-platform/h/g/turnstile/f/ov2/av0/rch/b0u2g/0x4AAAAAAAFV93qQdS0ycilX/auto/fbE/new/normal?lang=auto:0
[   10418ms] [LOG] function () { [native code] } @ https://challenges.cloudflare.com/cdn-cgi/challenge-platform/h/g/turnstile/f/ov2/av0/rch/b0u2g/0x4AAAAAAAFV93qQdS0ycilX/auto/fbE/new/normal?lang=auto:0
[   10418ms] [LOG] function () { [native code] } @ https://challenges.cloudflare.com/cdn-cgi/challenge-platform/h/g/turnstile/f/ov2/av0/rch/b0u2g/0x4AAAAAAAFV93qQdS0ycilX/auto/fbE/new/normal?lang=auto:0
[   10418ms] [LOG] JSHandle@node @ https://challenges.cloudflare.com/cdn-cgi/challenge-platform/h/g/turnstile/f/ov2/av0/rch/b0u2g/0x4AAAAAAAFV93qQdS0ycilX/auto/fbE/new/normal?lang=auto:0
[   10418ms] [LOG] JSHandle@node @ https://challenges.cloudflare.com/cdn-cgi/challenge-platform/h/g/turnstile/f/ov2/av0/rch/b0u2g/0x4AAAAAAAFV93qQdS0ycilX/auto/fbE/new/normal?lang=auto:0
[   10419ms] [COUNT]  : 1 @ https://challenges.cloudflare.com/cdn-cgi/challenge-platform/h/g/turnstile/f/ov2/av0/rch/b0u2g/0x4AAAAAAAFV93qQdS0ycilX/auto/fbE/new/normal?lang=auto:0
[   10419ms] [COUNT]  : 1 @ https://challenges.cloudflare.com/cdn-cgi/challenge-platform/h/g/turnstile/f/ov2/av0/rch/b0u2g/0x4AAAAAAAFV93qQdS0ycilX/auto/fbE/new/normal?lang=auto:0
[   10419ms] [DIR]  Error @ https://challenges.cloudflare.com/cdn-cgi/challenge-platform/h/g/turnstile/f/ov2/av0/rch/b0u2g/0x4AAAAAAAFV93qQdS0ycilX/auto/fbE/new/normal?lang=auto:0
[   10419ms] [DIR]  Error @ https://challenges.cloudflare.com/cdn-cgi/challenge-platform/h/g/turnstile/f/ov2/av0/rch/b0u2g/0x4AAAAAAAFV93qQdS0ycilX/auto/fbE/new/normal?lang=auto:0
[   10419ms] [DIRXML] %c%d font-size:0;color:transparent Error @ https://challenges.cloudflare.com/cdn-cgi/challenge-platform/h/g/turnstile/f/ov2/av0/rch/b0u2g/0x4AAAAAAAFV93qQdS0ycilX/auto/fbE/new/normal?lang=auto:0
[   10419ms] [DIRXML] %c%d font-size:0;color:transparent Error @ https://challenges.cloudflare.com/cdn-cgi/challenge-platform/h/g/turnstile/f/ov2/av0/rch/b0u2g/0x4AAAAAAAFV93qQdS0ycilX/auto/fbE/new/normal?lang=auto:0
[   10419ms] [ERROR] %c%d font-size:0;color:transparent NaN @ https://challenges.cloudflare.com/cdn-cgi/challenge-platform/h/g/turnstile/f/ov2/av0/rch/b0u2g/0x4AAAAAAAFV93qQdS0ycilX/auto/fbE/new/normal?lang=auto:0
[   10420ms] [ERROR] %c%d font-size:0;color:transparent NaN @ https://challenges.cloudflare.com/cdn-cgi/challenge-platform/h/g/turnstile/f/ov2/av0/rch/b0u2g/0x4AAAAAAAFV93qQdS0ycilX/auto/fbE/new/normal?lang=auto:0
[   10420ms] [INFO] %c%d font-size:0;color:transparent NaN @ https://challenges.cloudflare.com/cdn-cgi/challenge-platform/h/g/turnstile/f/ov2/av0/rch/b0u2g/0x4AAAAAAAFV93qQdS0ycilX/auto/fbE/new/normal?lang=auto:0
[   10420ms] [INFO] %c%d font-size:0;color:transparent NaN @ https://challenges.cloudflare.com/cdn-cgi/challenge-platform/h/g/turnstile/f/ov2/av0/rch/b0u2g/0x4AAAAAAAFV93qQdS0ycilX/auto/fbE/new/normal?lang=auto:0
[   10420ms] [LOG] %c%d font-size:0;color:transparent NaN @ https://challenges.cloudflare.com/cdn-cgi/challenge-platform/h/g/turnstile/f/ov2/av0/rch/b0u2g/0x4AAAAAAAFV93qQdS0ycilX/auto/fbE/new/normal?lang=auto:0
[   10420ms] [LOG] %c%d font-size:0;color:transparent NaN @ https://challenges.cloudflare.com/cdn-cgi/challenge-platform/h/g/turnstile/f/ov2/av0/rch/b0u2g/0x4AAAAAAAFV93qQdS0ycilX/auto/fbE/new/normal?lang=auto:0
[   10420ms] [TABLE] %c%d font-size:0;color:transparent Error @ https://challenges.cloudflare.com/cdn-cgi/challenge-platform/h/g/turnstile/f/ov2/av0/rch/b0u2g/0x4AAAAAAAFV93qQdS0ycilX/auto/fbE/new/normal?lang=auto:0
[   10420ms] [TABLE] %c%d font-size:0;color:transparent Error @ https://challenges.cloudflare.com/cdn-cgi/challenge-platform/h/g/turnstile/f/ov2/av0/rch/b0u2g/0x4AAAAAAAFV93qQdS0ycilX/auto/fbE/new/normal?lang=auto:0
[   10421ms] [WARNING] %c%d font-size:0;color:transparent NaN @ https://challenges.cloudflare.com/cdn-cgi/challenge-platform/h/g/turnstile/f/ov2/av0/rch/b0u2g/0x4AAAAAAAFV93qQdS0ycilX/auto/fbE/new/normal?lang=auto:0
[   10421ms] [WARNING] %c%d font-size:0;color:transparent NaN @ https://challenges.cloudflare.com/cdn-cgi/challenge-platform/h/g/turnstile/f/ov2/av0/rch/b0u2g/0x4AAAAAAAFV93qQdS0ycilX/auto/fbE/new/normal?lang=auto:0
[   13146ms] [LOG] %c[Vercel Web Analytics]%c [view] http://localhost:3000/login color: rgb(120, 120, 120) color: inherit {o: http://localhost:3000/login, sv: 0.1.3, sdkn: @vercel/analytics/next, sdkv: 1.3.1, ts: 1777072124797} /_vercel/insights/view @ http://localhost:3000/_next/static/chunks/node_modules_next_dist_f3530cac._.js:2297
[   13321ms] [WARNING] Error while trying to use the following icon from the Manifest: http://localhost:3000/icons/icon-192.png (Download error or resource isn't a valid image) @ http://localhost:3000/login:0
[   16323ms] [WARNING] The resource http://localhost:3000/logo.png was preloaded using link preload but not used within a few seconds from the window's load event. Please make sure it has an appropriate `as` value and it is preloaded intentionally. @ http://localhost:3000/login:0
[   24405ms] [LOG] [Fast Refresh] rebuilding @ http://localhost:3000/_next/static/chunks/node_modules_next_dist_f3530cac._.js:2297
[   24529ms] [LOG] [Fast Refresh] done in 226ms @ http://localhost:3000/_next/static/chunks/node_modules_next_dist_f3530cac._.js:2297
